/Users/rahlstrom/.rbenv/versions/1.9.3-p448/lib/ruby/1.9.1/net/http.rb:763:in `initialize': getaddrinfo: nodename nor servname provided, or not known (Faraday::Error::ConnectionFailed)
	from /Users/rahlstrom/.rbenv/versions/1.9.3-p448/lib/ruby/1.9.1/net/http.rb:763:in `open'
	from /Users/rahlstrom/.rbenv/versions/1.9.3-p448/lib/ruby/1.9.1/net/http.rb:763:in `block in connect'
	from /Users/rahlstrom/.rbenv/versions/1.9.3-p448/lib/ruby/1.9.1/timeout.rb:55:in `timeout'
	from /Users/rahlstrom/.rbenv/versions/1.9.3-p448/lib/ruby/1.9.1/timeout.rb:100:in `timeout'
	from /Users/rahlstrom/.rbenv/versions/1.9.3-p448/lib/ruby/1.9.1/net/http.rb:763:in `connect'
	from /Users/rahlstrom/.rbenv/versions/1.9.3-p448/lib/ruby/1.9.1/net/http.rb:756:in `do_start'
	from /Users/rahlstrom/.rbenv/versions/1.9.3-p448/lib/ruby/1.9.1/net/http.rb:745:in `start'
	from /Users/rahlstrom/.rbenv/versions/1.9.3-p448/lib/ruby/1.9.1/net/http.rb:1285:in `request'
	from /Users/rahlstrom/.rbenv/versions/1.9.3-p448/lib/ruby/gems/1.9.1/gems/faraday-0.8.8/lib/faraday/adapter/net_http.rb:75:in `perform_request'
	from /Users/rahlstrom/.rbenv/versions/1.9.3-p448/lib/ruby/gems/1.9.1/gems/faraday-0.8.8/lib/faraday/adapter/net_http.rb:38:in `call'
	from /Users/rahlstrom/.rbenv/versions/1.9.3-p448/lib/ruby/gems/1.9.1/gems/kickscraper-0.1.1/lib/kickscraper/connection.rb:21:in `call'
	from /Users/rahlstrom/.rbenv/versions/1.9.3-p448/lib/ruby/gems/1.9.1/gems/faraday_middleware-0.9.0/lib/faraday_middleware/response_middleware.rb:30:in `call'
	from /Users/rahlstrom/.rbenv/versions/1.9.3-p448/lib/ruby/gems/1.9.1/gems/faraday-0.8.8/lib/faraday/response.rb:8:in `call'
	from /Users/rahlstrom/.rbenv/versions/1.9.3-p448/lib/ruby/gems/1.9.1/gems/faraday-0.8.8/lib/faraday/request/url_encoded.rb:14:in `call'
	from /Users/rahlstrom/.rbenv/versions/1.9.3-p448/lib/ruby/gems/1.9.1/gems/faraday-0.8.8/lib/faraday/connection.rb:253:in `run_request'
	from /Users/rahlstrom/.rbenv/versions/1.9.3-p448/lib/ruby/gems/1.9.1/gems/faraday-0.8.8/lib/faraday/connection.rb:118:in `post'
	from /Users/rahlstrom/.rbenv/versions/1.9.3-p448/lib/ruby/gems/1.9.1/gems/kickscraper-0.1.1/lib/kickscraper/client.rb:11:in `initialize'
	from /Users/rahlstrom/.rbenv/versions/1.9.3-p448/lib/ruby/gems/1.9.1/gems/kickscraper-0.1.1/lib/kickscraper.rb:17:in `new'
	from /Users/rahlstrom/.rbenv/versions/1.9.3-p448/lib/ruby/gems/1.9.1/gems/kickscraper-0.1.1/lib/kickscraper.rb:17:in `client'
	from projectWatcher.rb:9:in `<main>'
